<?xml version="1.0" encoding="UTF-8"?>
<!-- Generated by org.testng.reporters.JUnitReportReporter -->
<testsuite hostname="DESKTOP-80R0UJG" name="org.testing.TestNGTask10" tests="1" failures="0" timestamp="20 Oct 2023 16:30:27 GMT" time="5.484" errors="0">
  <testcase name="Test2" time="5.484" classname="org.testing.TestNGTask10"/>
</testsuite> <!-- org.testing.TestNGTask10 -->
