<?xml version="1.0" encoding="UTF-8"?>
<!-- Generated by org.testng.reporters.JUnitReportReporter -->
<testsuite hostname="DESKTOP-80R0UJG" name="org.myframeworkproject.OwnProjectTesrNGtask10" tests="1" failures="0" timestamp="22 Oct 2023 14:48:13 GMT" time="53.401" errors="0">
  <testcase name="Test1" time="53.401" classname="org.myframeworkproject.OwnProjectTesrNGtask10"/>
</testsuite> <!-- org.myframeworkproject.OwnProjectTesrNGtask10 -->
