<?xml version="1.0" encoding="UTF-8"?>
<!-- Generated by org.testng.reporters.JUnitReportReporter -->
<testsuite hostname="DESKTOP-80R0UJG" name="org.testing.TestNGTask5" tests="1" failures="0" timestamp="18 Oct 2023 13:10:16 GMT" time="9.356" errors="0">
  <testcase name="Test" time="9.356" classname="org.testing.TestNGTask5"/>
</testsuite> <!-- org.testing.TestNGTask5 -->
