<?xml version="1.0" encoding="UTF-8"?>
<!-- Generated by org.testng.reporters.JUnitReportReporter -->
<testsuite hostname="DESKTOP-80R0UJG" name="org.myframeworkproject.OwnProjectTesrNGtask2" tests="1" failures="0" timestamp="22 Oct 2023 11:20:50 GMT" time="34.001" errors="0">
  <testcase name="Test" time="34.001" classname="org.myframeworkproject.OwnProjectTesrNGtask2"/>
</testsuite> <!-- org.myframeworkproject.OwnProjectTesrNGtask2 -->
