<?xml version="1.0" encoding="UTF-8"?>
<!-- Generated by org.testng.reporters.JUnitReportReporter -->
<testsuite hostname="DESKTOP-80R0UJG" name="org.testing.TestNGTask12" tests="2" failures="0" timestamp="21 Oct 2023 09:41:20 GMT" time="59.588" errors="0">
  <testcase name="Test1" time="54.016" classname="org.testing.TestNGTask12"/>
  <testcase name="Test2" time="5.572" classname="org.testing.TestNGTask12"/>
</testsuite> <!-- org.testing.TestNGTask12 -->
