<?xml version="1.0" encoding="UTF-8"?>
<!-- Generated by org.testng.reporters.JUnitReportReporter -->
<testsuite hostname="DESKTOP-80R0UJG" name="org.myframeworkproject.OwnProjectTesrNGtask1" tests="1" failures="0" timestamp="22 Oct 2023 10:59:09 GMT" time="60.883" errors="0">
  <testcase name="Test" time="60.883" classname="org.myframeworkproject.OwnProjectTesrNGtask1"/>
</testsuite> <!-- org.myframeworkproject.OwnProjectTesrNGtask1 -->
