<?xml version="1.0" encoding="UTF-8"?>
<!-- Generated by org.testng.reporters.JUnitReportReporter -->
<testsuite hostname="DESKTOP-80R0UJG" name="org.myframeworkproject.OwnProjectTesrNGtask5" tests="3" failures="0" timestamp="22 Oct 2023 12:34:40 GMT" time="81.152" errors="0">
  <testcase name="Test" time="25.885" classname="org.myframeworkproject.OwnProjectTesrNGtask5"/>
  <testcase name="Test2" time="24.865" classname="org.myframeworkproject.OwnProjectTesrNGtask5"/>
  <testcase name="Test2" time="30.402" classname="org.myframeworkproject.OwnProjectTesrNGtask5"/>
</testsuite> <!-- org.myframeworkproject.OwnProjectTesrNGtask5 -->
