<?xml version="1.0" encoding="UTF-8"?>
<!-- Generated by org.testng.reporters.JUnitReportReporter -->
<testsuite hostname="DESKTOP-80R0UJG" name="org.testing.TestNGTask9" tests="2" failures="0" timestamp="21 Oct 2023 08:48:16 GMT" time="31.709" errors="0">
  <testcase name="Test1" time="17.769" classname="org.testing.TestNGTask9"/>
  <testcase name="Test1" time="13.940" classname="org.testing.TestNGTask9"/>
</testsuite> <!-- org.testing.TestNGTask9 -->
