<?xml version="1.0" encoding="UTF-8"?>
<!-- Generated by org.testng.reporters.JUnitReportReporter -->
<testsuite hostname="DESKTOP-80R0UJG" name="org.myframeworkproject.OwnProjectTesrNGtask12" tests="1" failures="0" timestamp="22 Oct 2023 16:29:38 GMT" time="30.392" errors="0">
  <testcase name="Test" time="30.392" classname="org.myframeworkproject.OwnProjectTesrNGtask12"/>
</testsuite> <!-- org.myframeworkproject.OwnProjectTesrNGtask12 -->
