<?xml version="1.0" encoding="UTF-8"?>
<!-- Generated by org.testng.reporters.JUnitReportReporter -->
<testsuite hostname="DESKTOP-80R0UJG" name="org.testing.TestNGTask4" tests="1" failures="0" timestamp="18 Oct 2023 13:01:14 GMT" time="5.350" errors="0">
  <testcase name="Test" time="5.350" classname="org.testing.TestNGTask4"/>
</testsuite> <!-- org.testing.TestNGTask4 -->
