<?xml version="1.0" encoding="UTF-8"?>
<!-- Generated by org.testng.reporters.JUnitReportReporter -->
<testsuite hostname="DESKTOP-80R0UJG" name="org.myframeworkproject.OwnProjectTesrNGtask9" tests="1" failures="0" timestamp="22 Oct 2023 14:21:38 GMT" time="32.440" errors="0">
  <testcase name="Test2" time="32.440" classname="org.myframeworkproject.OwnProjectTesrNGtask9"/>
</testsuite> <!-- org.myframeworkproject.OwnProjectTesrNGtask9 -->
