<?xml version="1.0" encoding="UTF-8"?>
<!-- Generated by org.testng.reporters.JUnitReportReporter -->
<testsuite hostname="DESKTOP-80R0UJG" name="org.myframeworkproject.OwnProjectTesrNGtask3" tests="2" failures="0" timestamp="22 Oct 2023 11:48:00 GMT" time="51.749" errors="0">
  <testcase name="Test2" time="24.476" classname="org.myframeworkproject.OwnProjectTesrNGtask3"/>
  <testcase name="Test2" time="27.273" classname="org.myframeworkproject.OwnProjectTesrNGtask3"/>
</testsuite> <!-- org.myframeworkproject.OwnProjectTesrNGtask3 -->
