<?xml version="1.0" encoding="UTF-8"?>
<!-- Generated by org.testng.reporters.JUnitReportReporter -->
<testsuite hostname="DESKTOP-80R0UJG" name="org.testing.TestNGTask11" tests="1" failures="0" timestamp="20 Oct 2023 16:53:18 GMT" time="31.418" errors="0">
  <testcase name="Test2" time="31.418" classname="org.testing.TestNGTask11"/>
</testsuite> <!-- org.testing.TestNGTask11 -->
