<?xml version="1.0" encoding="UTF-8"?>
<!-- Generated by org.testng.reporters.JUnitReportReporter -->
<testsuite hostname="DESKTOP-80R0UJG" name="org.testing.TestNGTask3" tests="1" failures="0" timestamp="18 Oct 2023 12:57:04 GMT" time="9.109" errors="0">
  <testcase name="Test" time="9.109" classname="org.testing.TestNGTask3"/>
</testsuite> <!-- org.testing.TestNGTask3 -->
